<?xml version="1.0" encoding="UTF-8"?>
<testsuite name="test.java.game.DeckTest" tests="4" skipped="0" failures="0" errors="0" timestamp="2025-10-27T10:07:35.089Z" hostname="codespaces-b3200d" time="0.022">
  <properties/>
  <testcase name="testFormatOut" classname="test.java.game.DeckTest" time="0.005"/>
  <testcase name="testGetId" classname="test.java.game.DeckTest" time="0.0"/>
  <testcase name="testWriteDeckMakesFile" classname="test.java.game.DeckTest" time="0.016"/>
  <testcase name="testaddCard" classname="test.java.game.DeckTest" time="0.0"/>
  <system-out><![CDATA[]]></system-out>
  <system-err><![CDATA[]]></system-err>
</testsuite>
