<?xml version="1.0" encoding="UTF-8"?>
<testsuite name="test.java.game.PlayerTest" tests="5" skipped="0" failures="0" errors="0" timestamp="2025-10-27T10:07:35.114Z" hostname="codespaces-b3200d" time="0.008">
  <properties/>
  <testcase name="testFormatOut" classname="test.java.game.PlayerTest" time="0.004"/>
  <testcase name="testCheckIfWon" classname="test.java.game.PlayerTest" time="0.001"/>
  <testcase name="testGetId" classname="test.java.game.PlayerTest" time="0.001"/>
  <testcase name="testaddCard" classname="test.java.game.PlayerTest" time="0.0"/>
  <testcase name="testWriteInitialMakesFile" classname="test.java.game.PlayerTest" time="0.001"/>
  <system-out><![CDATA[]]></system-out>
  <system-err><![CDATA[]]></system-err>
</testsuite>
