<?xml version="1.0" encoding="UTF-8"?>
<testsuite name="test.java.game.AppTest" tests="1" skipped="0" failures="0" errors="0" timestamp="2025-10-27T10:07:35.056Z" hostname="codespaces-b3200d" time="0.007">
  <properties/>
  <testcase name="testAddition" classname="test.java.game.AppTest" time="0.007"/>
  <system-out><![CDATA[]]></system-out>
  <system-err><![CDATA[]]></system-err>
</testsuite>
